<?xml version='1.0'?>
<ns2:test-suite xmlns:ns2='urn:model.allure.qatools.yandex.ru' start='1662365918571' stop='1662365954244'>
    <name>TL001</name>
    <title>TL001</title>
    <test-cases>
        <test-case start='1662365933591' status='failed' stop='1662365948603'>
            <name>Try to login with invalid Credentials</name>
            <title>Try to login with invalid Credentials</title>
            <labels>
                <label name='story' value='Task001'/>
            </labels>
            <parameters/>
            <steps>
                <step start='1662365939287' status='undefined'>
                    <name>Enter username</name>
                    <title>Enter username</title>
                    <attachments/>
                    <steps/>
                </step>
            </steps>
            <attachments/>
            <failure>
                <message>Error: Timeout - Async callback was not invoked within the 15000 ms timeout specified by jest.setTimeout.</message>
                <stack-trace>Timeout - Async callback was not invoked within the 15000 ms timeout specified by jest.setTimeout.Error: Timeout - Async callback was not invoked within the 15000 ms timeout specified by jest.setTimeout.
                    at mapper (D:\Work Station\Unidevgo\TransportedLabs\Automation\PlayWright\Transportedlabs-UI-Automation\node_modules\jest-jasmine2\build\queueRunner.js:28:45)
                    at D:\Work Station\Unidevgo\TransportedLabs\Automation\PlayWright\Transportedlabs-UI-Automation\node_modules\jest-jasmine2\build\queueRunner.js:76:41</stack-trace>
            </failure>
            <description type='text'>Login into TransportedLabs</description>
        </test-case>
        <test-case start='1662365948604' status='failed' stop='1662365954243'>
            <name>Try to login with valid Credentials</name>
            <title>Try to login with valid Credentials</title>
            <labels>
                <label name='story' value='ATASK101'/>
            </labels>
            <parameters/>
            <steps>
                <step start='1662365948635' status='passed' stop='1662365951634'>
                    <name>Enter username</name>
                    <title>Enter username</title>
                    <attachments>
                        <attachment title='username' source='aa5e136f-c4bd-470d-ba5e-ec5592b4a428-attachment.png' type='image/png' size='19271'/>
                    </attachments>
                    <steps/>
                </step>
                <step start='1662365951634' status='passed' stop='1662365951825'>
                    <name>Enter Password</name>
                    <title>Enter Password</title>
                    <attachments>
                        <attachment title='username' source='0fecb3a0-e008-40e0-9a87-8abb250b3723-attachment.png' type='image/png' size='22536'/>
                    </attachments>
                    <steps/>
                </step>
                <step start='1662365951825' status='passed' stop='1662365952109'>
                    <name>Enter Password</name>
                    <title>Enter Password</title>
                    <attachments>
                        <attachment title='Enter Password' source='cdcec921-70e0-4639-b335-63846164bea1-attachment.png' type='image/png' size='28393'/>
                    </attachments>
                    <steps/>
                </step>
                <step start='1662365952109' status='passed' stop='1662365952323'>
                    <name>Click on the login button</name>
                    <title>Click on the login button</title>
                    <attachments>
                        <attachment title='Enter Password' source='b0d196bd-4eae-4920-8567-850890360daa-attachment.png' type='image/png' size='28389'/>
                    </attachments>
                    <steps/>
                </step>
                <step start='1662365952323' status='passed' stop='1662365952623'>
                    <name>Click on the login button</name>
                    <title>Click on the login button</title>
                    <attachments>
                        <attachment title='Click on the login button' source='36d1a102-f563-4bdd-bff5-b6d0e50ec4f8-attachment.png' type='image/png' size='28320'/>
                    </attachments>
                    <steps/>
                </step>
                <step start='1662365952623' status='passed' stop='1662365952821'>
                    <name>Invalid credentials</name>
                    <title>Invalid credentials</title>
                    <attachments>
                        <attachment title='Invalid credentials' source='5cdf9952-652b-4d79-a7bb-a4113c860f3d-attachment.png' type='image/png' size='28531'/>
                    </attachments>
                    <steps/>
                </step>
                <step start='1662365952821' status='passed' stop='1662365953292'>
                    <name>Click on the ok button</name>
                    <title>Click on the ok button</title>
                    <attachments>
                        <attachment title='Click on the ok button' source='adf1fcda-6c2c-45b3-9b9b-6b9ca96d98ba-attachment.png' type='image/png' size='38461'/>
                    </attachments>
                    <steps/>
                </step>
                <step start='1662365953292' status='passed' stop='1662365953513'>
                    <name>Should be show login page</name>
                    <title>Should be show login page</title>
                    <attachments>
                        <attachment title='Should be show login page' source='5e352d5f-09ae-46b9-9082-ad411f6b4d06-attachment.png' type='image/png' size='28292'/>
                    </attachments>
                    <steps/>
                </step>
                <step start='1662365954045' status='passed' stop='1662365954242'>
                    <name>Should be show home page</name>
                    <title>Should be show home page</title>
                    <attachments>
                        <attachment title='Should be show home page' source='2b538135-224a-410f-8b66-f5b042af9860-attachment.png' type='image/png' size='34521'/>
                    </attachments>
                    <steps/>
                </step>
            </steps>
            <attachments>
                <attachment title='Click on the login button' source='172515ff-7175-4934-aad6-cbac6bbe9da4-attachment.png' type='image/png' size='28423'/>
            </attachments>
            <failure>
                <message>Error: Timeout - Async callback was not invoked within the 15000 ms timeout specified by jest.setTimeout.</message>
                <stack-trace>Timeout - Async callback was not invoked within the 15000 ms timeout specified by jest.setTimeout.Error: Timeout - Async callback was not invoked within the 15000 ms timeout specified by jest.setTimeout.
                    at mapper (D:\Work Station\Unidevgo\TransportedLabs\Automation\PlayWright\Transportedlabs-UI-Automation\node_modules\jest-jasmine2\build\queueRunner.js:28:45)
                    at D:\Work Station\Unidevgo\TransportedLabs\Automation\PlayWright\Transportedlabs-UI-Automation\node_modules\jest-jasmine2\build\queueRunner.js:76:41</stack-trace>
            </failure>
            <description type='text'>Login into LetCode</description>
        </test-case>
        <test-case start='1662365954244' status='pending' stop='1662365954244'>
            <name>Login New</name>
            <title>Login New</title>
            <labels/>
            <parameters/>
            <steps/>
            <attachments/>
            <failure>
                <message>Error: Timeout - Async callback was not invoked within the 15000 ms timeout specified by jest.setTimeout.</message>
                <stack-trace>Timeout - Async callback was not invoked within the 15000 ms timeout specified by jest.setTimeout.Error: Timeout - Async callback was not invoked within the 15000 ms timeout specified by jest.setTimeout.
                    at mapper (D:\Work Station\Unidevgo\TransportedLabs\Automation\PlayWright\Transportedlabs-UI-Automation\node_modules\jest-jasmine2\build\queueRunner.js:28:45)
                    at D:\Work Station\Unidevgo\TransportedLabs\Automation\PlayWright\Transportedlabs-UI-Automation\node_modules\jest-jasmine2\build\queueRunner.js:76:41</stack-trace>
            </failure>
        </test-case>
    </test-cases>
</ns2:test-suite>