<?xml version='1.0'?>
<ns2:test-suite xmlns:ns2='urn:model.allure.qatools.yandex.ru' start='1662319971065' stop='1662319994024'>
    <name>TC001</name>
    <title>TC001</title>
    <test-cases>
        <test-case start='1662319979002' status='failed' stop='1662319979011'>
            <name>Login positive _ JIRA101</name>
            <title>Login positive _ JIRA101</title>
            <labels>
                <label name='story' value='JIRA101'/>
            </labels>
            <parameters/>
            <steps>
                <step start='1662319979003' status='undefined'>
                    <name>Navigate to letcode</name>
                    <title>Navigate to letcode</title>
                    <attachments/>
                    <steps/>
                </step>
            </steps>
            <attachments/>
            <failure>
                <message>Error: expect(received).toBe(expected) // Object.is equality
                
                Expected: "https://letcode.com/"
                Received: "https://letcode.in/"</message>
                <stack-trace>Error: expect(received).toBe(expected) // Object.is equality
                
                Expected: "https://letcode.com/"
                Received: "https://letcode.in/"
                    at D:\Work Station\Unidevgo\TransportedLabs\Automation\PlayWright\Transportedlabs-UI-Automation\test\pageObjectTest\TC003.test.ts:30:28
                    at Generator.next (&lt;anonymous>)
                    at fulfilled (D:\Work Station\Unidevgo\TransportedLabs\Automation\PlayWright\Transportedlabs-UI-Automation\test\pageObjectTest\TC003.test.ts:5:58)
                    at runMicrotasks (&lt;anonymous>)
                    at runNextTicks (node:internal/process/task_queues:61:5)
                    at processImmediate (node:internal/timers:437:9)</stack-trace>
            </failure>
            <description type='text'>Login into LetCode</description>
        </test-case>
        <test-case start='1662319979012' status='failed' stop='1662319994022'>
            <name>Login again</name>
            <title>Login again</title>
            <labels/>
            <parameters/>
            <steps/>
            <attachments/>
            <failure>
                <message>: Timeout - Async callback was not invoked within the 15000 ms timeout specified by jest.setTimeout.</message>
                <stack-trace>Timeout - Async callback was not invoked within the 15000 ms timeout specified by jest.setTimeout.Error: 
                    at new Spec (D:\Work Station\Unidevgo\TransportedLabs\Automation\PlayWright\Transportedlabs-UI-Automation\node_modules\jest-jasmine2\build\jasmine\Spec.js:124:22)
                    at new Spec (D:\Work Station\Unidevgo\TransportedLabs\Automation\PlayWright\Transportedlabs-UI-Automation\node_modules\jest-jasmine2\build\setup_jest_globals.js:81:9)
                    at specFactory (D:\Work Station\Unidevgo\TransportedLabs\Automation\PlayWright\Transportedlabs-UI-Automation\node_modules\jest-jasmine2\build\jasmine\Env.js:476:22)
                    at Env.it (D:\Work Station\Unidevgo\TransportedLabs\Automation\PlayWright\Transportedlabs-UI-Automation\node_modules\jest-jasmine2\build\jasmine\Env.js:541:22)
                    at Env.it (D:\Work Station\Unidevgo\TransportedLabs\Automation\PlayWright\Transportedlabs-UI-Automation\node_modules\jest-jasmine2\build\jasmineAsyncInstall.js:161:23)
                    at it (D:\Work Station\Unidevgo\TransportedLabs\Automation\PlayWright\Transportedlabs-UI-Automation\node_modules\jest-jasmine2\build\jasmine\jasmineLight.js:83:21)
                    at Suite.&lt;anonymous> (D:\Work Station\Unidevgo\TransportedLabs\Automation\PlayWright\Transportedlabs-UI-Automation\test\pageObjectTest\TC003.test.ts:56:5)
                    at addSpecsToSuite (D:\Work Station\Unidevgo\TransportedLabs\Automation\PlayWright\Transportedlabs-UI-Automation\node_modules\jest-jasmine2\build\jasmine\Env.js:425:49)
                    at Env.describe (D:\Work Station\Unidevgo\TransportedLabs\Automation\PlayWright\Transportedlabs-UI-Automation\node_modules\jest-jasmine2\build\jasmine\Env.js:395:9)
                    at describe (D:\Work Station\Unidevgo\TransportedLabs\Automation\PlayWright\Transportedlabs-UI-Automation\node_modules\jest-jasmine2\build\jasmine\jasmineLight.js:71:18)</stack-trace>
            </failure>
        </test-case>
    </test-cases>
</ns2:test-suite>