<?xml version='1.0'?>
<ns2:test-suite xmlns:ns2='urn:model.allure.qatools.yandex.ru' start='1662320272371' stop='1662320283046'>
    <name>TC001</name>
    <title>TC001</title>
    <test-cases>
        <test-case start='1662320279332' status='failed' stop='1662320281304'>
            <name>Login positive _ JIRA101</name>
            <title>Login positive _ JIRA101</title>
            <labels>
                <label name='story' value='JIRA101'/>
            </labels>
            <parameters/>
            <steps>
                <step start='1662320279333' status='passed' stop='1662320279841'>
                    <name>Navigate to letcode</name>
                    <title>Navigate to letcode</title>
                    <attachments>
                        <attachment title='naviagation' source='c0832426-5d95-4083-92d5-47dad60f0212-attachment.png' type='image/png' size='159561'/>
                    </attachments>
                    <steps/>
                </step>
                <step start='1662320279841' status='passed' stop='1662320280252'>
                    <name>Click login link</name>
                    <title>Click login link</title>
                    <attachments/>
                    <steps/>
                </step>
                <step start='1662320280253' status='passed' stop='1662320280844'>
                    <name>enter username</name>
                    <title>enter username</title>
                    <attachments>
                        <attachment title='username' source='389a97cb-f0b2-4043-94df-eede173ca40f-attachment.png' type='image/png' size='206507'/>
                    </attachments>
                    <steps/>
                </step>
                <step start='1662320280844' status='passed' stop='1662320281263'>
                    <name>enter password</name>
                    <title>enter password</title>
                    <attachments>
                        <attachment title='screenshot' source='841ad6d9-7706-4375-a734-946137e0908c-attachment.png' type='image/png' size='204668'/>
                    </attachments>
                    <steps/>
                </step>
            </steps>
            <attachments/>
            <failure>
                <message>Error: page.$: DOMException: Failed to execute 'evaluate' on 'Document': The string './/button[text()='LOGIN'' is not a valid XPath expression.
                    at Object.queryAll (&lt;anonymous>:1005:26)
                    at InjectedScript._queryEngineAll (&lt;anonymous>:3906:49)
                    at InjectedScript.querySelectorAll (&lt;anonymous>:3893:30)
                    at InjectedScript.querySelector (&lt;anonymous>:3840:25)
                    at eval (eval at evaluate (:192:30), &lt;anonymous>:6:23)
                    at UtilityScript.evaluate (&lt;anonymous>:194:17)
                    at UtilityScript.&lt;anonymous> (&lt;anonymous>:1:44)</message>
                <stack-trace>page.$: DOMException: Failed to execute 'evaluate' on 'Document': The string './/button[text()='LOGIN'' is not a valid XPath expression.
                    at Object.queryAll (&lt;anonymous>:1005:26)
                    at InjectedScript._queryEngineAll (&lt;anonymous>:3906:49)
                    at InjectedScript.querySelectorAll (&lt;anonymous>:3893:30)
                    at InjectedScript.querySelector (&lt;anonymous>:3840:25)
                    at eval (eval at evaluate (:192:30), &lt;anonymous>:6:23)
                    at UtilityScript.evaluate (&lt;anonymous>:194:17)
                    at UtilityScript.&lt;anonymous> (&lt;anonymous>:1:44)
                    at LoginPage.get eleLoginBtn [as eleLoginBtn] (D:\Work Station\Unidevgo\TransportedLabs\Automation\PlayWright\Transportedlabs-UI-Automation\page\login.page.ts:22:26)
                    at LoginPage.&lt;anonymous> (D:\Work Station\Unidevgo\TransportedLabs\Automation\PlayWright\Transportedlabs-UI-Automation\page\login.page.ts:43:32)
                    at D:\Work Station\Unidevgo\TransportedLabs\Automation\PlayWright\Transportedlabs-UI-Automation\page\login.page.ts:8:71
                    at Object.&lt;anonymous>.__awaiter (D:\Work Station\Unidevgo\TransportedLabs\Automation\PlayWright\Transportedlabs-UI-Automation\page\login.page.ts:4:12)
                    at LoginPage.clickLoginBtn (D:\Work Station\Unidevgo\TransportedLabs\Automation\PlayWright\Transportedlabs-UI-Automation\page\login.page.ts:47:16)
                    at D:\Work Station\Unidevgo\TransportedLabs\Automation\PlayWright\Transportedlabs-UI-Automation\test\pageObjectTest\TC003.test.ts:47:21
                    at fulfilled (D:\Work Station\Unidevgo\TransportedLabs\Automation\PlayWright\Transportedlabs-UI-Automation\test\pageObjectTest\TC003.test.ts:5:58)</stack-trace>
            </failure>
            <description type='text'>Login into LetCode</description>
        </test-case>
        <test-case start='1662320281304' status='failed' stop='1662320283046'>
            <name>Login again</name>
            <title>Login again</title>
            <labels/>
            <parameters/>
            <steps/>
            <attachments/>
            <failure>
                <message>Error: page.$: DOMException: Failed to execute 'evaluate' on 'Document': The string './/button[text()='LOGIN'' is not a valid XPath expression.
                    at Object.queryAll (&lt;anonymous>:1005:26)
                    at InjectedScript._queryEngineAll (&lt;anonymous>:3906:49)
                    at InjectedScript.querySelectorAll (&lt;anonymous>:3893:30)
                    at InjectedScript.querySelector (&lt;anonymous>:3840:25)
                    at eval (eval at evaluate (:192:30), &lt;anonymous>:6:23)
                    at UtilityScript.evaluate (&lt;anonymous>:194:17)
                    at UtilityScript.&lt;anonymous> (&lt;anonymous>:1:44)</message>
                <stack-trace>page.$: DOMException: Failed to execute 'evaluate' on 'Document': The string './/button[text()='LOGIN'' is not a valid XPath expression.
                    at Object.queryAll (&lt;anonymous>:1005:26)
                    at InjectedScript._queryEngineAll (&lt;anonymous>:3906:49)
                    at InjectedScript.querySelectorAll (&lt;anonymous>:3893:30)
                    at InjectedScript.querySelector (&lt;anonymous>:3840:25)
                    at eval (eval at evaluate (:192:30), &lt;anonymous>:6:23)
                    at UtilityScript.evaluate (&lt;anonymous>:194:17)
                    at UtilityScript.&lt;anonymous> (&lt;anonymous>:1:44)
                    at LoginPage.get eleLoginBtn [as eleLoginBtn] (D:\Work Station\Unidevgo\TransportedLabs\Automation\PlayWright\Transportedlabs-UI-Automation\page\login.page.ts:22:26)
                    at LoginPage.&lt;anonymous> (D:\Work Station\Unidevgo\TransportedLabs\Automation\PlayWright\Transportedlabs-UI-Automation\page\login.page.ts:43:32)
                    at D:\Work Station\Unidevgo\TransportedLabs\Automation\PlayWright\Transportedlabs-UI-Automation\page\login.page.ts:8:71
                    at Object.&lt;anonymous>.__awaiter (D:\Work Station\Unidevgo\TransportedLabs\Automation\PlayWright\Transportedlabs-UI-Automation\page\login.page.ts:4:12)
                    at LoginPage.clickLoginBtn (D:\Work Station\Unidevgo\TransportedLabs\Automation\PlayWright\Transportedlabs-UI-Automation\page\login.page.ts:47:16)
                    at LoginPage.&lt;anonymous> (D:\Work Station\Unidevgo\TransportedLabs\Automation\PlayWright\Transportedlabs-UI-Automation\page\login.page.ts:50:20)
                    at fulfilled (D:\Work Station\Unidevgo\TransportedLabs\Automation\PlayWright\Transportedlabs-UI-Automation\page\login.page.ts:5:58)</stack-trace>
            </failure>
        </test-case>
    </test-cases>
</ns2:test-suite>