<?xml version='1.0'?>
<ns2:test-suite xmlns:ns2='urn:model.allure.qatools.yandex.ru' start='1662321307684' stop='1662321312534'>
    <name>TC001</name>
    <title>TC001</title>
    <test-cases>
        <test-case start='1662321312524' status='pending' stop='1662321312526'>
            <name>Login positive _ATASK001</name>
            <title>Login positive _ATASK001</title>
            <labels/>
            <parameters/>
            <steps/>
            <attachments/>
            <failure>
                <message>Error: page.goto: Navigation failed because page was closed!
                =========================== logs ===========================
                navigating to "https://letcode.in/", waiting until "load"
                ============================================================</message>
                <stack-trace>page.goto: Navigation failed because page was closed!
                =========================== logs ===========================
                navigating to "https://letcode.in/", waiting until "load"
                ============================================================
                    at D:\Work Station\Unidevgo\TransportedLabs\Automation\PlayWright\Transportedlabs-UI-Automation\test\pageObjectTest\logindemo01.test.ts:15:20
                    at D:\Work Station\Unidevgo\TransportedLabs\Automation\PlayWright\Transportedlabs-UI-Automation\test\pageObjectTest\logindemo01.test.ts:8:71
                    at Object.&lt;anonymous>.__awaiter (D:\Work Station\Unidevgo\TransportedLabs\Automation\PlayWright\Transportedlabs-UI-Automation\test\pageObjectTest\logindemo01.test.ts:4:12)
                    at Object.&lt;anonymous> (D:\Work Station\Unidevgo\TransportedLabs\Automation\PlayWright\Transportedlabs-UI-Automation\test\pageObjectTest\logindemo01.test.ts:14:26)
                    at Object.asyncJestLifecycle (D:\Work Station\Unidevgo\TransportedLabs\Automation\PlayWright\Transportedlabs-UI-Automation\node_modules\jest-jasmine2\build\jasmineAsyncInstall.js:72:37)
                    at D:\Work Station\Unidevgo\TransportedLabs\Automation\PlayWright\Transportedlabs-UI-Automation\node_modules\jest-jasmine2\build\queueRunner.js:46:12
                    at mapper (D:\Work Station\Unidevgo\TransportedLabs\Automation\PlayWright\Transportedlabs-UI-Automation\node_modules\jest-jasmine2\build\queueRunner.js:29:19)
                    at D:\Work Station\Unidevgo\TransportedLabs\Automation\PlayWright\Transportedlabs-UI-Automation\node_modules\jest-jasmine2\build\queueRunner.js:76:41</stack-trace>
            </failure>
        </test-case>
        <test-case start='1662321312527' status='failed' stop='1662321312533'>
            <name>Login again</name>
            <title>Login again</title>
            <labels/>
            <parameters/>
            <steps/>
            <attachments/>
            <failure>
                <message>Error: page.goto: Navigation failed because page was closed!
                =========================== logs ===========================
                navigating to "https://letcode.in/", waiting until "load"
                ============================================================</message>
                <stack-trace>page.goto: Navigation failed because page was closed!
                =========================== logs ===========================
                navigating to "https://letcode.in/", waiting until "load"
                ============================================================
                    at D:\Work Station\Unidevgo\TransportedLabs\Automation\PlayWright\Transportedlabs-UI-Automation\test\pageObjectTest\logindemo01.test.ts:15:20
                    at D:\Work Station\Unidevgo\TransportedLabs\Automation\PlayWright\Transportedlabs-UI-Automation\test\pageObjectTest\logindemo01.test.ts:8:71
                    at Object.&lt;anonymous>.__awaiter (D:\Work Station\Unidevgo\TransportedLabs\Automation\PlayWright\Transportedlabs-UI-Automation\test\pageObjectTest\logindemo01.test.ts:4:12)
                    at Object.&lt;anonymous> (D:\Work Station\Unidevgo\TransportedLabs\Automation\PlayWright\Transportedlabs-UI-Automation\test\pageObjectTest\logindemo01.test.ts:14:26)
                    at Object.asyncJestLifecycle (D:\Work Station\Unidevgo\TransportedLabs\Automation\PlayWright\Transportedlabs-UI-Automation\node_modules\jest-jasmine2\build\jasmineAsyncInstall.js:72:37)
                    at D:\Work Station\Unidevgo\TransportedLabs\Automation\PlayWright\Transportedlabs-UI-Automation\node_modules\jest-jasmine2\build\queueRunner.js:46:12
                    at mapper (D:\Work Station\Unidevgo\TransportedLabs\Automation\PlayWright\Transportedlabs-UI-Automation\node_modules\jest-jasmine2\build\queueRunner.js:29:19)
                    at D:\Work Station\Unidevgo\TransportedLabs\Automation\PlayWright\Transportedlabs-UI-Automation\node_modules\jest-jasmine2\build\queueRunner.js:76:41</stack-trace>
            </failure>
        </test-case>
    </test-cases>
</ns2:test-suite>