<?xml version='1.0'?>
<ns2:test-suite xmlns:ns2='urn:model.allure.qatools.yandex.ru' start='1662307203110' stop='1662307204993'>
    <name>TC001</name>
    <title>TC001</title>
    <test-cases>
        <test-case start='1662307204227' status='failed' stop='1662307204243'>
            <name>Login positive _ JIRA101</name>
            <title>Login positive _ JIRA101</title>
            <labels>
                <label name='story' value='JIRA101'/>
            </labels>
            <parameters/>
            <steps>
                <step start='1662307204229' status='undefined'>
                    <name>Navigate to letcode</name>
                    <title>Navigate to letcode</title>
                    <attachments/>
                    <steps/>
                </step>
            </steps>
            <attachments/>
            <failure>
                <message>Error: page.goto: net::ERR_CERT_COMMON_NAME_INVALID at https://letcode.com/
                =========================== logs ===========================
                navigating to "https://letcode.com/", waiting until "load"
                ============================================================</message>
                <stack-trace>page.goto: net::ERR_CERT_COMMON_NAME_INVALID at https://letcode.com/
                =========================== logs ===========================
                navigating to "https://letcode.com/", waiting until "load"
                ============================================================
                    at D:\Work Station\Unidevgo\TransportedLabs\Automation\PlayWright\Transportedlabs-UI-Automation\test\pageObjectTest\TC002.test.ts:19:20
                    at D:\Work Station\Unidevgo\TransportedLabs\Automation\PlayWright\Transportedlabs-UI-Automation\test\pageObjectTest\TC002.test.ts:8:71
                    at Object.&lt;anonymous>.__awaiter (D:\Work Station\Unidevgo\TransportedLabs\Automation\PlayWright\Transportedlabs-UI-Automation\test\pageObjectTest\TC002.test.ts:4:12)
                    at Object.&lt;anonymous> (D:\Work Station\Unidevgo\TransportedLabs\Automation\PlayWright\Transportedlabs-UI-Automation\test\pageObjectTest\TC002.test.ts:18:26)
                    at Object.asyncJestLifecycle (D:\Work Station\Unidevgo\TransportedLabs\Automation\PlayWright\Transportedlabs-UI-Automation\node_modules\jest-jasmine2\build\jasmineAsyncInstall.js:72:37)
                    at D:\Work Station\Unidevgo\TransportedLabs\Automation\PlayWright\Transportedlabs-UI-Automation\node_modules\jest-jasmine2\build\queueRunner.js:46:12
                    at mapper (D:\Work Station\Unidevgo\TransportedLabs\Automation\PlayWright\Transportedlabs-UI-Automation\node_modules\jest-jasmine2\build\queueRunner.js:29:19)
                    at D:\Work Station\Unidevgo\TransportedLabs\Automation\PlayWright\Transportedlabs-UI-Automation\node_modules\jest-jasmine2\build\queueRunner.js:76:41</stack-trace>
            </failure>
            <description type='text'>Login into LetCode</description>
        </test-case>
        <test-case start='1662307204243' status='failed' stop='1662307204992'>
            <name>Login again</name>
            <title>Login again</title>
            <labels/>
            <parameters/>
            <steps/>
            <attachments/>
            <failure>
                <message>Error: page.goto: net::ERR_CERT_COMMON_NAME_INVALID at https://letcode.com/
                =========================== logs ===========================
                navigating to "https://letcode.com/", waiting until "load"
                ============================================================</message>
                <stack-trace>page.goto: net::ERR_CERT_COMMON_NAME_INVALID at https://letcode.com/
                =========================== logs ===========================
                navigating to "https://letcode.com/", waiting until "load"
                ============================================================
                    at D:\Work Station\Unidevgo\TransportedLabs\Automation\PlayWright\Transportedlabs-UI-Automation\test\pageObjectTest\TC002.test.ts:19:20
                    at D:\Work Station\Unidevgo\TransportedLabs\Automation\PlayWright\Transportedlabs-UI-Automation\test\pageObjectTest\TC002.test.ts:8:71
                    at Object.&lt;anonymous>.__awaiter (D:\Work Station\Unidevgo\TransportedLabs\Automation\PlayWright\Transportedlabs-UI-Automation\test\pageObjectTest\TC002.test.ts:4:12)
                    at Object.&lt;anonymous> (D:\Work Station\Unidevgo\TransportedLabs\Automation\PlayWright\Transportedlabs-UI-Automation\test\pageObjectTest\TC002.test.ts:18:26)
                    at Object.asyncJestLifecycle (D:\Work Station\Unidevgo\TransportedLabs\Automation\PlayWright\Transportedlabs-UI-Automation\node_modules\jest-jasmine2\build\jasmineAsyncInstall.js:72:37)
                    at D:\Work Station\Unidevgo\TransportedLabs\Automation\PlayWright\Transportedlabs-UI-Automation\node_modules\jest-jasmine2\build\queueRunner.js:46:12
                    at mapper (D:\Work Station\Unidevgo\TransportedLabs\Automation\PlayWright\Transportedlabs-UI-Automation\node_modules\jest-jasmine2\build\queueRunner.js:29:19)
                    at D:\Work Station\Unidevgo\TransportedLabs\Automation\PlayWright\Transportedlabs-UI-Automation\node_modules\jest-jasmine2\build\queueRunner.js:76:41</stack-trace>
            </failure>
        </test-case>
    </test-cases>
</ns2:test-suite>